2020-07-29 16:31:26.481  INFO 70350 --- [SpringContextShutdownHook] o.s.s.concurrent.ThreadPoolTaskExecutor  : Shutting down ExecutorService 'applicationTaskExecutor'
2020-07-29 16:31:38.074  INFO 70986 --- [restartedMain] c.v.api.dashboard.DashboardApplication   : Starting DashboardApplication on Hiteshs-MacBook-Air.local with PID 70986 (/Users/hitesh/Desktop/Professional/Projects/Pravesh_nz/Vodia-Api/dashboard/target/classes started by hitesh in /Users/hitesh/Desktop/Professional/Projects/Pravesh_nz/Vodia-Api/dashboard)
2020-07-29 16:31:38.083  INFO 70986 --- [restartedMain] c.v.api.dashboard.DashboardApplication   : No active profile set, falling back to default profiles: default
2020-07-29 16:31:38.158  INFO 70986 --- [restartedMain] .e.DevToolsPropertyDefaultsPostProcessor : Devtools property defaults active! Set 'spring.devtools.add-properties' to 'false' to disable
2020-07-29 16:31:38.159  INFO 70986 --- [restartedMain] .e.DevToolsPropertyDefaultsPostProcessor : For additional web related logging consider setting the 'logging.level.web' property to 'DEBUG'
2020-07-29 16:31:40.025  INFO 70986 --- [restartedMain] o.s.b.w.embedded.tomcat.TomcatWebServer  : Tomcat initialized with port(s): 8080 (http)
2020-07-29 16:31:40.059  INFO 70986 --- [restartedMain] o.apache.catalina.core.StandardService   : Starting service [Tomcat]
2020-07-29 16:31:40.059  INFO 70986 --- [restartedMain] org.apache.catalina.core.StandardEngine  : Starting Servlet engine: [Apache Tomcat/9.0.36]
2020-07-29 16:31:40.191  INFO 70986 --- [restartedMain] o.a.c.c.C.[Tomcat].[localhost].[/]       : Initializing Spring embedded WebApplicationContext
2020-07-29 16:31:40.192  INFO 70986 --- [restartedMain] w.s.c.ServletWebServerApplicationContext : Root WebApplicationContext: initialization completed in 2033 ms
2020-07-29 16:31:40.591  INFO 70986 --- [restartedMain] o.s.s.concurrent.ThreadPoolTaskExecutor  : Initializing ExecutorService 'applicationTaskExecutor'
2020-07-29 16:31:40.811  WARN 70986 --- [restartedMain] ion$DefaultTemplateResolverConfiguration : Cannot find template location: classpath:/templates/ (please add some templates or check your Thymeleaf configuration)
2020-07-29 16:31:40.956  INFO 70986 --- [restartedMain] o.s.b.d.a.OptionalLiveReloadServer       : LiveReload server is running on port 35729
2020-07-29 16:31:41.036  INFO 70986 --- [restartedMain] o.s.b.w.embedded.tomcat.TomcatWebServer  : Tomcat started on port(s): 8080 (http) with context path ''
2020-07-29 16:31:41.053  INFO 70986 --- [restartedMain] c.v.api.dashboard.DashboardApplication   : Started DashboardApplication in 4.082 seconds (JVM running for 5.087)
2020-07-29 16:31:58.621  INFO 70986 --- [http-nio-8080-exec-1] o.a.c.c.C.[Tomcat].[localhost].[/]       : Initializing Spring DispatcherServlet 'dispatcherServlet'
2020-07-29 16:31:58.625  INFO 70986 --- [http-nio-8080-exec-1] o.s.web.servlet.DispatcherServlet        : Initializing Servlet 'dispatcherServlet'
2020-07-29 16:31:58.635  INFO 70986 --- [http-nio-8080-exec-1] o.s.web.servlet.DispatcherServlet        : Completed initialization in 10 ms
2020-07-29 16:37:19.910  INFO 70986 --- [http-nio-8080-exec-8] c.v.api.dashboard.Test.TestController    : g7lsrphhrkim1jkvbt88
2020-07-29 16:55:45.654  INFO 70986 --- [Thread-129] o.s.s.concurrent.ThreadPoolTaskExecutor  : Shutting down ExecutorService 'applicationTaskExecutor'
2020-07-29 16:55:45.870  INFO 70986 --- [restartedMain] c.v.api.dashboard.DashboardApplication   : Starting DashboardApplication on Hiteshs-MacBook-Air.local with PID 70986 (/Users/hitesh/Desktop/Professional/Projects/Pravesh_nz/Vodia-Api/dashboard/target/classes started by hitesh in /Users/hitesh/Desktop/Professional/Projects/Pravesh_nz/Vodia-Api/dashboard)
2020-07-29 16:55:45.871  INFO 70986 --- [restartedMain] c.v.api.dashboard.DashboardApplication   : No active profile set, falling back to default profiles: default
2020-07-29 16:55:46.394  INFO 70986 --- [restartedMain] o.s.b.w.embedded.tomcat.TomcatWebServer  : Tomcat initialized with port(s): 8080 (http)
2020-07-29 16:55:46.395  INFO 70986 --- [restartedMain] o.apache.catalina.core.StandardService   : Starting service [Tomcat]
2020-07-29 16:55:46.396  INFO 70986 --- [restartedMain] org.apache.catalina.core.StandardEngine  : Starting Servlet engine: [Apache Tomcat/9.0.36]
2020-07-29 16:55:46.408  INFO 70986 --- [restartedMain] o.a.c.c.C.[Tomcat].[localhost].[/]       : Initializing Spring embedded WebApplicationContext
2020-07-29 16:55:46.409  INFO 70986 --- [restartedMain] w.s.c.ServletWebServerApplicationContext : Root WebApplicationContext: initialization completed in 534 ms
2020-07-29 16:55:46.465  WARN 70986 --- [restartedMain] ConfigServletWebServerApplicationContext : Exception encountered during context initialization - cancelling refresh attempt: org.springframework.beans.factory.UnsatisfiedDependencyException: Error creating bean with name 'loginController': Unsatisfied dependency expressed through field 'ls'; nested exception is org.springframework.beans.factory.NoSuchBeanDefinitionException: No qualifying bean of type 'com.vodia.api.dashboard.config.LoginService' available: expected at least 1 bean which qualifies as autowire candidate. Dependency annotations: {@org.springframework.beans.factory.annotation.Autowired(required=true)}
2020-07-29 16:55:46.466  INFO 70986 --- [restartedMain] o.apache.catalina.core.StandardService   : Stopping service [Tomcat]
2020-07-29 16:55:46.480  INFO 70986 --- [restartedMain] ConditionEvaluationReportLoggingListener : 

Error starting ApplicationContext. To display the conditions report re-run your application with 'debug' enabled.
2020-07-29 16:55:46.693 ERROR 70986 --- [restartedMain] o.s.b.d.LoggingFailureAnalysisReporter   : 

***************************
APPLICATION FAILED TO START
***************************

Description:

Field ls in com.vodia.api.dashboard.config.LoginController required a bean of type 'com.vodia.api.dashboard.config.LoginService' that could not be found.

The injection point has the following annotations:
	- @org.springframework.beans.factory.annotation.Autowired(required=true)


Action:

Consider defining a bean of type 'com.vodia.api.dashboard.config.LoginService' in your configuration.

